This file contains any messages produced by compilers while
running configure, to aid debugging if configure makes a mistake.

It was created by cgminer configure 4.10.0, which was
generated by GNU Autoconf 2.69.  Invocation command line was

  $ ./configure --target=arm-linux --host=arm-linux

## --------- ##
## Platform. ##
## --------- ##

hostname = shiragiku
uname -m = x86_64
uname -r = 4.14.15-1-ARCH
uname -s = Linux
uname -v = #1 SMP PREEMPT Tue Jan 23 21:49:25 UTC 2018

/usr/bin/uname -p = unknown
/bin/uname -X     = unknown

/bin/arch              = unknown
/usr/bin/arch -k       = unknown
/usr/convex/getsysinfo = unknown
/usr/bin/hostinfo      = unknown
/bin/machine           = unknown
/usr/bin/oslevel       = unknown
/bin/universe          = unknown

PATH: /home/fantastic/.pyenv/shims
PATH: /home/fantastic/.pyenv/bin
PATH: /usr/lib/hardening-wrapper/bin
PATH: /usr/local/sbin
PATH: /usr/local/bin
PATH: /usr/bin
PATH: /opt/android-sdk/emulator
PATH: /opt/android-sdk/platform-tools
PATH: /opt/android-sdk/tools
PATH: /opt/android-sdk/tools/bin
PATH: /usr/lib/jvm/default/bin
PATH: /opt/jython/bin/
PATH: /opt/nessus/bin
PATH: /opt/nessus/sbin
PATH: /usr/bin/site_perl
PATH: /usr/bin/vendor_perl
PATH: /usr/bin/core_perl
PATH: /home/fantastic/go/bin
PATH: /home/fantastic/.gem/ruby/2.4.0/bin


## ----------- ##
## Core tests. ##
## ----------- ##

configure:2901: checking build system type
configure:2915: result: x86_64-pc-linux-gnu
configure:2935: checking host system type
configure:2948: result: arm-unknown-linux-gnu
configure:2968: checking target system type
configure:2981: result: arm-unknown-linux-gnu
configure:3029: checking for a BSD-compatible install
configure:3097: result: /usr/bin/install -c
configure:3108: checking whether build environment is sane
configure:3163: result: yes
configure:3222: checking for arm-linux-strip
configure:3252: result: no
configure:3262: checking for strip
configure:3278: found /usr/bin/strip
configure:3289: result: strip
configure:3314: checking for a thread-safe mkdir -p
configure:3353: result: /usr/bin/mkdir -p
configure:3361: checking for gawk
configure:3377: found /usr/bin/gawk
configure:3388: result: gawk
configure:3399: checking whether make sets $(MAKE)
configure:3421: result: yes
configure:3450: checking whether make supports nested variables
configure:3467: result: yes
configure:3604: checking whether make supports nested variables
configure:3621: result: yes
configure:3644: checking for style of include used by make
configure:3672: result: GNU
configure:3703: checking for arm-linux-gcc
configure:3733: result: no
configure:3743: checking for gcc
configure:3759: found /usr/lib/hardening-wrapper/bin/gcc
configure:3770: result: gcc
configure:3999: checking for C compiler version
configure:4008: gcc --version >&5
gcc (GCC) 7.3.0
Copyright (C) 2017 Free Software Foundation, Inc.
This is free software; see the source for copying conditions.  There is NO
warranty; not even for MERCHANTABILITY or FITNESS FOR A PARTICULAR PURPOSE.

configure:4019: $? = 0
configure:4008: gcc -v >&5
Using built-in specs.
COLLECT_GCC=/usr/bin/gcc
COLLECT_LTO_WRAPPER=/usr/lib/gcc/x86_64-pc-linux-gnu/7.3.0/lto-wrapper
Target: x86_64-pc-linux-gnu
Configured with: /build/gcc/src/gcc/configure --prefix=/usr --libdir=/usr/lib --libexecdir=/usr/lib --mandir=/usr/share/man --infodir=/usr/share/info --with-bugurl=https://bugs.archlinux.org/ --enable-languages=c,c++,ada,fortran,go,lto,objc,obj-c++ --enable-shared --enable-threads=posix --enable-libmpx --with-system-zlib --with-isl --enable-__cxa_atexit --disable-libunwind-exceptions --enable-clocale=gnu --disable-libstdcxx-pch --disable-libssp --enable-gnu-unique-object --enable-linker-build-id --enable-lto --enable-plugin --enable-install-libiberty --with-linker-hash-style=gnu --enable-gnu-indirect-function --enable-multilib --disable-werror --enable-checking=release --enable-default-pie --enable-default-ssp
Thread model: posix
gcc version 7.3.0 (GCC) 
configure:4019: $? = 0
configure:4008: gcc -V >&5
gcc: error: unrecognized command line option '-V'
gcc: fatal error: no input files
compilation terminated.
configure:4019: $? = 1
configure:4008: gcc -qversion >&5
gcc: error: unrecognized command line option '-qversion'; did you mean '--version'?
gcc: fatal error: no input files
compilation terminated.
configure:4019: $? = 1
configure:4039: checking whether the C compiler works
configure:4061: gcc    conftest.c  >&5
configure:4065: $? = 0
configure:4113: result: yes
configure:4116: checking for C compiler default output file name
configure:4118: result: a.out
configure:4124: checking for suffix of executables
configure:4131: gcc -o conftest    conftest.c  >&5
configure:4135: $? = 0
configure:4157: result: 
configure:4179: checking whether we are cross compiling
configure:4187: gcc -o conftest    conftest.c  >&5
configure:4191: $? = 0
configure:4198: ./conftest
configure:4202: $? = 0
configure:4217: result: no
configure:4222: checking for suffix of object files
configure:4244: gcc -c   conftest.c >&5
configure:4248: $? = 0
configure:4269: result: o
configure:4273: checking whether we are using the GNU C compiler
configure:4292: gcc -c   conftest.c >&5
configure:4292: $? = 0
configure:4301: result: yes
configure:4310: checking whether gcc accepts -g
configure:4330: gcc -c -g  conftest.c >&5
configure:4330: $? = 0
configure:4371: result: yes
configure:4388: checking for gcc option to accept ISO C89
configure:4451: gcc  -c -g -O2  conftest.c >&5
configure:4451: $? = 0
configure:4464: result: none needed
configure:4489: checking whether gcc understands -c and -o together
configure:4511: gcc -c conftest.c -o conftest2.o
configure:4514: $? = 0
configure:4511: gcc -c conftest.c -o conftest2.o
configure:4514: $? = 0
configure:4526: result: yes
configure:4545: checking dependency style of gcc
configure:4656: result: gcc3
configure:4677: checking how to run the C preprocessor
configure:4708: gcc -E  conftest.c
configure:4708: $? = 0
configure:4722: gcc -E  conftest.c
conftest.c:11:10: fatal error: ac_nonexistent.h: No such file or directory
 #include <ac_nonexistent.h>
          ^~~~~~~~~~~~~~~~~~
compilation terminated.
configure:4722: $? = 1
configure: failed program was:
| /* confdefs.h */
| #define PACKAGE_NAME "cgminer"
| #define PACKAGE_TARNAME "cgminer"
| #define PACKAGE_VERSION "4.10.0"
| #define PACKAGE_STRING "cgminer 4.10.0"
| #define PACKAGE_BUGREPORT "kernel@kolivas.org"
| #define PACKAGE_URL ""
| #define PACKAGE "cgminer"
| #define VERSION "4.10.0"
| /* end confdefs.h.  */
| #include <ac_nonexistent.h>
configure:4747: result: gcc -E
configure:4767: gcc -E  conftest.c
configure:4767: $? = 0
configure:4781: gcc -E  conftest.c
conftest.c:11:10: fatal error: ac_nonexistent.h: No such file or directory
 #include <ac_nonexistent.h>
          ^~~~~~~~~~~~~~~~~~
compilation terminated.
configure:4781: $? = 1
configure: failed program was:
| /* confdefs.h */
| #define PACKAGE_NAME "cgminer"
| #define PACKAGE_TARNAME "cgminer"
| #define PACKAGE_VERSION "4.10.0"
| #define PACKAGE_STRING "cgminer 4.10.0"
| #define PACKAGE_BUGREPORT "kernel@kolivas.org"
| #define PACKAGE_URL ""
| #define PACKAGE "cgminer"
| #define VERSION "4.10.0"
| /* end confdefs.h.  */
| #include <ac_nonexistent.h>
configure:4810: checking for grep that handles long lines and -e
configure:4868: result: /usr/bin/grep
configure:4873: checking for egrep
configure:4935: result: /usr/bin/grep -E
configure:4940: checking for ANSI C header files
configure:4960: gcc -c -g -O2  conftest.c >&5
configure:4960: $? = 0
configure:5033: gcc -o conftest -g -O2   conftest.c  >&5
configure:5033: $? = 0
configure:5033: ./conftest
configure:5033: $? = 0
configure:5044: result: yes
configure:5057: checking for sys/types.h
configure:5057: gcc -c -g -O2  conftest.c >&5
configure:5057: $? = 0
configure:5057: result: yes
configure:5057: checking for sys/stat.h
configure:5057: gcc -c -g -O2  conftest.c >&5
configure:5057: $? = 0
configure:5057: result: yes
configure:5057: checking for stdlib.h
configure:5057: gcc -c -g -O2  conftest.c >&5
configure:5057: $? = 0
configure:5057: result: yes
configure:5057: checking for string.h
configure:5057: gcc -c -g -O2  conftest.c >&5
configure:5057: $? = 0
configure:5057: result: yes
configure:5057: checking for memory.h
configure:5057: gcc -c -g -O2  conftest.c >&5
configure:5057: $? = 0
configure:5057: result: yes
configure:5057: checking for strings.h
configure:5057: gcc -c -g -O2  conftest.c >&5
configure:5057: $? = 0
configure:5057: result: yes
configure:5057: checking for inttypes.h
configure:5057: gcc -c -g -O2  conftest.c >&5
configure:5057: $? = 0
configure:5057: result: yes
configure:5057: checking for stdint.h
configure:5057: gcc -c -g -O2  conftest.c >&5
configure:5057: $? = 0
configure:5057: result: yes
configure:5057: checking for unistd.h
configure:5057: gcc -c -g -O2  conftest.c >&5
configure:5057: $? = 0
configure:5057: result: yes
configure:5072: checking minix/config.h usability
configure:5072: gcc -c -g -O2  conftest.c >&5
conftest.c:54:10: fatal error: minix/config.h: No such file or directory
 #include <minix/config.h>
          ^~~~~~~~~~~~~~~~
compilation terminated.
configure:5072: $? = 1
configure: failed program was:
| /* confdefs.h */
| #define PACKAGE_NAME "cgminer"
| #define PACKAGE_TARNAME "cgminer"
| #define PACKAGE_VERSION "4.10.0"
| #define PACKAGE_STRING "cgminer 4.10.0"
| #define PACKAGE_BUGREPORT "kernel@kolivas.org"
| #define PACKAGE_URL ""
| #define PACKAGE "cgminer"
| #define VERSION "4.10.0"
| #define STDC_HEADERS 1
| #define HAVE_SYS_TYPES_H 1
| #define HAVE_SYS_STAT_H 1
| #define HAVE_STDLIB_H 1
| #define HAVE_STRING_H 1
| #define HAVE_MEMORY_H 1
| #define HAVE_STRINGS_H 1
| #define HAVE_INTTYPES_H 1
| #define HAVE_STDINT_H 1
| #define HAVE_UNISTD_H 1
| /* end confdefs.h.  */
| #include <stdio.h>
| #ifdef HAVE_SYS_TYPES_H
| # include <sys/types.h>
| #endif
| #ifdef HAVE_SYS_STAT_H
| # include <sys/stat.h>
| #endif
| #ifdef STDC_HEADERS
| # include <stdlib.h>
| # include <stddef.h>
| #else
| # ifdef HAVE_STDLIB_H
| #  include <stdlib.h>
| # endif
| #endif
| #ifdef HAVE_STRING_H
| # if !defined STDC_HEADERS && defined HAVE_MEMORY_H
| #  include <memory.h>
| # endif
| # include <string.h>
| #endif
| #ifdef HAVE_STRINGS_H
| # include <strings.h>
| #endif
| #ifdef HAVE_INTTYPES_H
| # include <inttypes.h>
| #endif
| #ifdef HAVE_STDINT_H
| # include <stdint.h>
| #endif
| #ifdef HAVE_UNISTD_H
| # include <unistd.h>
| #endif
| #include <minix/config.h>
configure:5072: result: no
configure:5072: checking minix/config.h presence
configure:5072: gcc -E  conftest.c
conftest.c:21:10: fatal error: minix/config.h: No such file or directory
 #include <minix/config.h>
          ^~~~~~~~~~~~~~~~
compilation terminated.
configure:5072: $? = 1
configure: failed program was:
| /* confdefs.h */
| #define PACKAGE_NAME "cgminer"
| #define PACKAGE_TARNAME "cgminer"
| #define PACKAGE_VERSION "4.10.0"
| #define PACKAGE_STRING "cgminer 4.10.0"
| #define PACKAGE_BUGREPORT "kernel@kolivas.org"
| #define PACKAGE_URL ""
| #define PACKAGE "cgminer"
| #define VERSION "4.10.0"
| #define STDC_HEADERS 1
| #define HAVE_SYS_TYPES_H 1
| #define HAVE_SYS_STAT_H 1
| #define HAVE_STDLIB_H 1
| #define HAVE_STRING_H 1
| #define HAVE_MEMORY_H 1
| #define HAVE_STRINGS_H 1
| #define HAVE_INTTYPES_H 1
| #define HAVE_STDINT_H 1
| #define HAVE_UNISTD_H 1
| /* end confdefs.h.  */
| #include <minix/config.h>
configure:5072: result: no
configure:5072: checking for minix/config.h
configure:5072: result: no
configure:5101: checking whether it is safe to define __EXTENSIONS__
configure:5119: gcc -c -g -O2  conftest.c >&5
configure:5119: $? = 0
configure:5126: result: yes
configure:5173: checking whether to enable maintainer-specific portions of Makefiles
configure:5182: result: no
configure:5204: checking for arm-linux-gcc
configure:5231: result: gcc
configure:5500: checking for C compiler version
configure:5509: gcc --version >&5
gcc (GCC) 7.3.0
Copyright (C) 2017 Free Software Foundation, Inc.
This is free software; see the source for copying conditions.  There is NO
warranty; not even for MERCHANTABILITY or FITNESS FOR A PARTICULAR PURPOSE.

configure:5520: $? = 0
configure:5509: gcc -v >&5
Using built-in specs.
COLLECT_GCC=/usr/bin/gcc
COLLECT_LTO_WRAPPER=/usr/lib/gcc/x86_64-pc-linux-gnu/7.3.0/lto-wrapper
Target: x86_64-pc-linux-gnu
Configured with: /build/gcc/src/gcc/configure --prefix=/usr --libdir=/usr/lib --libexecdir=/usr/lib --mandir=/usr/share/man --infodir=/usr/share/info --with-bugurl=https://bugs.archlinux.org/ --enable-languages=c,c++,ada,fortran,go,lto,objc,obj-c++ --enable-shared --enable-threads=posix --enable-libmpx --with-system-zlib --with-isl --enable-__cxa_atexit --disable-libunwind-exceptions --enable-clocale=gnu --disable-libstdcxx-pch --disable-libssp --enable-gnu-unique-object --enable-linker-build-id --enable-lto --enable-plugin --enable-install-libiberty --with-linker-hash-style=gnu --enable-gnu-indirect-function --enable-multilib --disable-werror --enable-checking=release --enable-default-pie --enable-default-ssp
Thread model: posix
gcc version 7.3.0 (GCC) 
configure:5520: $? = 0
configure:5509: gcc -V >&5
gcc: error: unrecognized command line option '-V'
gcc: fatal error: no input files
compilation terminated.
configure:5520: $? = 1
configure:5509: gcc -qversion >&5
gcc: error: unrecognized command line option '-qversion'; did you mean '--version'?
gcc: fatal error: no input files
compilation terminated.
configure:5520: $? = 1
configure:5524: checking whether we are using the GNU C compiler
configure:5552: result: yes
configure:5561: checking whether gcc accepts -g
configure:5622: result: yes
configure:5639: checking for gcc option to accept ISO C89
configure:5715: result: none needed
configure:5740: checking whether gcc understands -c and -o together
configure:5777: result: yes
configure:5796: checking dependency style of gcc
configure:5907: result: gcc3
configure:5925: checking for arm-linux-ranlib
configure:5955: result: no
configure:5965: checking for ranlib
configure:5981: found /usr/bin/ranlib
configure:5992: result: ranlib
configure:6040: checking whether gcc needs -traditional
configure:6074: result: no
configure:6100: checking sys/mman.h usability
configure:6100: gcc -c -g -O2  conftest.c >&5
configure:6100: $? = 0
configure:6100: result: yes
configure:6100: checking sys/mman.h presence
configure:6100: gcc -E  conftest.c
configure:6100: $? = 0
configure:6100: result: yes
configure:6100: checking for sys/mman.h
configure:6100: result: yes
configure:6100: checking wchar.h usability
configure:6100: gcc -c -g -O2  conftest.c >&5
configure:6100: $? = 0
configure:6100: result: yes
configure:6100: checking wchar.h presence
configure:6100: gcc -E  conftest.c
configure:6100: $? = 0
configure:6100: result: yes
configure:6100: checking for wchar.h
configure:6100: result: yes
configure:6100: checking for stdint.h
configure:6100: result: yes
configure:6121: checking for mprotect
configure:6121: gcc -o conftest -g -O2   conftest.c  >&5
configure:6121: $? = 0
configure:6121: result: yes
configure:6121: checking for sigaction
configure:6121: gcc -o conftest -g -O2   conftest.c  >&5
configure:6121: $? = 0
configure:6121: result: yes
configure:6121: checking for sigaltstack
configure:6121: gcc -o conftest -g -O2   conftest.c  >&5
configure:6121: $? = 0
configure:6121: result: yes
configure:6121: checking for siginterrupt
configure:6121: gcc -o conftest -g -O2   conftest.c  >&5
configure:6121: $? = 0
configure:6121: result: yes
configure:6212: checking for mmap
configure:6212: gcc -o conftest -g -O2   conftest.c  >&5
configure:6212: $? = 0
configure:6212: result: yes
configure:6223: checking for MAP_ANONYMOUS
configure:6260: result: yes
configure:6294: checking whether memchr works
configure:6357: gcc -o conftest -g -O2   conftest.c  >&5
configure:6357: $? = 0
configure:6357: ./conftest
configure:6357: $? = 0
configure:6367: result: yes
configure:6375: checking whether memmem is declared
configure:6375: gcc -c -g -O2  conftest.c >&5
configure:6375: $? = 0
configure:6375: result: yes
configure:6393: checking for memmem
configure:6393: gcc -o conftest -g -O2   conftest.c  >&5
configure:6393: $? = 0
configure:6393: result: yes
configure:6417: checking whether memmem works
configure:6481: gcc -o conftest -g -O2   conftest.c  >&5
configure:6481: $? = 0
configure:6481: ./conftest
configure:6481: $? = 0
configure:6492: result: yes
configure:6510: gcc -c -g -O2  conftest.c >&5
conftest.c:40:10: error: unknown type name 'not'
          not a universal capable compiler
          ^~~
conftest.c:40:16: error: expected '=', ',', ';', 'asm' or '__attribute__' before 'universal'
          not a universal capable compiler
                ^~~~~~~~~
conftest.c:40:16: error: unknown type name 'universal'
configure:6510: $? = 1
configure: failed program was:
| /* confdefs.h */
| #define PACKAGE_NAME "cgminer"
| #define PACKAGE_TARNAME "cgminer"
| #define PACKAGE_VERSION "4.10.0"
| #define PACKAGE_STRING "cgminer 4.10.0"
| #define PACKAGE_BUGREPORT "kernel@kolivas.org"
| #define PACKAGE_URL ""
| #define PACKAGE "cgminer"
| #define VERSION "4.10.0"
| #define STDC_HEADERS 1
| #define HAVE_SYS_TYPES_H 1
| #define HAVE_SYS_STAT_H 1
| #define HAVE_STDLIB_H 1
| #define HAVE_STRING_H 1
| #define HAVE_MEMORY_H 1
| #define HAVE_STRINGS_H 1
| #define HAVE_INTTYPES_H 1
| #define HAVE_STDINT_H 1
| #define HAVE_UNISTD_H 1
| #define __EXTENSIONS__ 1
| #define _ALL_SOURCE 1
| #define _GNU_SOURCE 1
| #define _POSIX_PTHREAD_SEMANTICS 1
| #define _TANDEM_SOURCE 1
| #define CGMINER_MAJOR_VERSION 4
| #define CGMINER_MINOR_VERSION 10
| #define CGMINER_MINOR_SUBVERSION 0
| #define HAVE_SYS_MMAN_H 1
| #define HAVE_WCHAR_H 1
| #define HAVE_STDINT_H 1
| #define HAVE_MPROTECT 1
| #define HAVE_SIGACTION 1
| #define HAVE_SIGALTSTACK 1
| #define HAVE_SIGINTERRUPT 1
| #define HAVE_MAP_ANONYMOUS 1
| #define HAVE_DECL_MEMMEM 1
| #define HAVE_MEMMEM 1
| /* end confdefs.h.  */
| #ifndef __APPLE_CC__
|          not a universal capable compiler
|         #endif
|         typedef int dummy;
| 
configure:6561: checking for C/C++ restrict keyword
configure:6586: gcc -c -g -O2  conftest.c >&5
configure:6586: $? = 0
configure:6594: result: __restrict
configure:6607: checking for uid_t in sys/types.h
configure:6626: result: yes
configure:6637: checking for inline
configure:6653: gcc -c -g -O2  conftest.c >&5
configure:6653: $? = 0
configure:6661: result: inline
configure:6694: checking whether the preprocessor supports include_next
configure:6732: gcc -c -g -O2  -Iconftestd1b -Iconftestd2 conftest.c >&5
configure:6732: $? = 0
configure:6753: result: yes
configure:6774: checking whether system header files limit the line length
configure:6797: result: no
configure:6811: checking for wchar_t
configure:6828: gcc -c -g -O2  conftest.c >&5
configure:6828: $? = 0
configure:6835: result: yes
configure:6844: checking for unsigned long long int
configure:6883: gcc -o conftest -g -O2   conftest.c  >&5
configure:6883: $? = 0
configure:6892: result: yes
configure:6902: checking for long long int
configure:6940: gcc -o conftest -g -O2   conftest.c  >&5
configure:6940: $? = 0
configure:6940: ./conftest
configure:6940: $? = 0
configure:6952: result: yes
configure:7089: checking whether stdint.h conforms to C99
configure:7260: gcc -c -g -O2  conftest.c >&5
configure:7260: $? = 0
configure:7342: gcc -o conftest -g -O2   conftest.c  >&5
configure:7342: $? = 0
configure:7342: ./conftest
configure:7342: $? = 0
configure:7354: result: yes
configure:7753: checking whether memmem is declared without a macro
configure:7771: gcc -c -g -O2  conftest.c >&5
configure:7771: $? = 0
configure:7779: result: yes
configure:7753: checking whether mempcpy is declared without a macro
configure:7771: gcc -c -g -O2  conftest.c >&5
configure:7771: $? = 0
configure:7779: result: yes
configure:7753: checking whether memrchr is declared without a macro
configure:7771: gcc -c -g -O2  conftest.c >&5
configure:7771: $? = 0
configure:7779: result: yes
configure:7753: checking whether rawmemchr is declared without a macro
configure:7771: gcc -c -g -O2  conftest.c >&5
configure:7771: $? = 0
configure:7779: result: yes
configure:7753: checking whether stpcpy is declared without a macro
configure:7771: gcc -c -g -O2  conftest.c >&5
configure:7771: $? = 0
configure:7779: result: yes
configure:7753: checking whether stpncpy is declared without a macro
configure:7771: gcc -c -g -O2  conftest.c >&5
configure:7771: $? = 0
configure:7779: result: yes
configure:7753: checking whether strchrnul is declared without a macro
configure:7771: gcc -c -g -O2  conftest.c >&5
configure:7771: $? = 0
configure:7779: result: yes
configure:7753: checking whether strdup is declared without a macro
configure:7771: gcc -c -g -O2  conftest.c >&5
configure:7771: $? = 0
configure:7779: result: yes
configure:7753: checking whether strncat is declared without a macro
configure:7771: gcc -c -g -O2  conftest.c >&5
configure:7771: $? = 0
configure:7779: result: yes
configure:7753: checking whether strndup is declared without a macro
configure:7771: gcc -c -g -O2  conftest.c >&5
configure:7771: $? = 0
configure:7779: result: yes
configure:7753: checking whether strnlen is declared without a macro
configure:7771: gcc -c -g -O2  conftest.c >&5
configure:7771: $? = 0
configure:7779: result: yes
configure:7753: checking whether strpbrk is declared without a macro
configure:7771: gcc -c -g -O2  conftest.c >&5
configure:7771: $? = 0
configure:7779: result: yes
configure:7753: checking whether strsep is declared without a macro
configure:7771: gcc -c -g -O2  conftest.c >&5
configure:7771: $? = 0
configure:7779: result: yes
configure:7753: checking whether strcasestr is declared without a macro
configure:7771: gcc -c -g -O2  conftest.c >&5
configure:7771: $? = 0
configure:7779: result: yes
configure:7753: checking whether strtok_r is declared without a macro
configure:7771: gcc -c -g -O2  conftest.c >&5
configure:7771: $? = 0
configure:7779: result: yes
configure:7753: checking whether strerror_r is declared without a macro
configure:7771: gcc -c -g -O2  conftest.c >&5
configure:7771: $? = 0
configure:7779: result: yes
configure:7753: checking whether strsignal is declared without a macro
configure:7771: gcc -c -g -O2  conftest.c >&5
configure:7771: $? = 0
configure:7779: result: yes
configure:7753: checking whether strverscmp is declared without a macro
configure:7771: gcc -c -g -O2  conftest.c >&5
configure:7771: $? = 0
configure:7779: result: yes
configure:7859: checking whether memmem works in linear time
configure:7930: gcc -o conftest -g -O2   conftest.c  >&5
configure:7930: $? = 0
configure:7930: ./conftest
configure:7930: $? = 0
configure:7941: result: yes
configure:7966: checking for memmem
configure:7966: result: yes
configure:7990: checking whether memmem works
configure:8065: result: yes
configure:8111: checking for struct sigaction.sa_sigaction
configure:8111: gcc -c -g -O2  conftest.c >&5
configure:8111: $? = 0
configure:8111: result: yes
configure:8246: checking for volatile sig_atomic_t
configure:8246: gcc -c -g -O2  conftest.c >&5
configure:8246: $? = 0
configure:8246: gcc -c -g -O2  conftest.c >&5
conftest.c: In function 'main':
conftest.c:73:36: error: expected expression before ')' token
 if (sizeof ((volatile sig_atomic_t)))
                                    ^
configure:8246: $? = 1
configure: failed program was:
| /* confdefs.h */
| #define PACKAGE_NAME "cgminer"
| #define PACKAGE_TARNAME "cgminer"
| #define PACKAGE_VERSION "4.10.0"
| #define PACKAGE_STRING "cgminer 4.10.0"
| #define PACKAGE_BUGREPORT "kernel@kolivas.org"
| #define PACKAGE_URL ""
| #define PACKAGE "cgminer"
| #define VERSION "4.10.0"
| #define STDC_HEADERS 1
| #define HAVE_SYS_TYPES_H 1
| #define HAVE_SYS_STAT_H 1
| #define HAVE_STDLIB_H 1
| #define HAVE_STRING_H 1
| #define HAVE_MEMORY_H 1
| #define HAVE_STRINGS_H 1
| #define HAVE_INTTYPES_H 1
| #define HAVE_STDINT_H 1
| #define HAVE_UNISTD_H 1
| #define __EXTENSIONS__ 1
| #define _ALL_SOURCE 1
| #define _GNU_SOURCE 1
| #define _POSIX_PTHREAD_SEMANTICS 1
| #define _TANDEM_SOURCE 1
| #define CGMINER_MAJOR_VERSION 4
| #define CGMINER_MINOR_VERSION 10
| #define CGMINER_MINOR_SUBVERSION 0
| #define HAVE_SYS_MMAN_H 1
| #define HAVE_WCHAR_H 1
| #define HAVE_STDINT_H 1
| #define HAVE_MPROTECT 1
| #define HAVE_SIGACTION 1
| #define HAVE_SIGALTSTACK 1
| #define HAVE_SIGINTERRUPT 1
| #define HAVE_MAP_ANONYMOUS 1
| #define HAVE_DECL_MEMMEM 1
| #define HAVE_MEMMEM 1
| #define restrict __restrict
| #define HAVE_WCHAR_T 1
| #define HAVE_UNSIGNED_LONG_LONG_INT 1
| #define HAVE_LONG_LONG_INT 1
| #define HAVE_RAW_DECL_MEMMEM 1
| #define HAVE_RAW_DECL_MEMPCPY 1
| #define HAVE_RAW_DECL_MEMRCHR 1
| #define HAVE_RAW_DECL_RAWMEMCHR 1
| #define HAVE_RAW_DECL_STPCPY 1
| #define HAVE_RAW_DECL_STPNCPY 1
| #define HAVE_RAW_DECL_STRCHRNUL 1
| #define HAVE_RAW_DECL_STRDUP 1
| #define HAVE_RAW_DECL_STRNCAT 1
| #define HAVE_RAW_DECL_STRNDUP 1
| #define HAVE_RAW_DECL_STRNLEN 1
| #define HAVE_RAW_DECL_STRPBRK 1
| #define HAVE_RAW_DECL_STRSEP 1
| #define HAVE_RAW_DECL_STRCASESTR 1
| #define HAVE_RAW_DECL_STRTOK_R 1
| #define HAVE_RAW_DECL_STRERROR_R 1
| #define HAVE_RAW_DECL_STRSIGNAL 1
| #define HAVE_RAW_DECL_STRVERSCMP 1
| #define GNULIB_TEST_MEMCHR 1
| #define HAVE_MEMMEM 1
| #define GNULIB_TEST_MEMMEM 1
| #define HAVE_STRUCT_SIGACTION_SA_SIGACTION 1
| #define GNULIB_TEST_SIGACTION 1
| /* end confdefs.h.  */
| 
| #include <signal.h>
| 
| 
| int
| main ()
| {
| if (sizeof ((volatile sig_atomic_t)))
| 	    return 0;
|   ;
|   return 0;
| }
configure:8246: result: yes
configure:8260: checking for sighandler_t
configure:8260: gcc -c -g -O2  conftest.c >&5
configure:8260: $? = 0
configure:8260: gcc -c -g -O2  conftest.c >&5
conftest.c: In function 'main':
conftest.c:73:27: error: expected expression before ')' token
 if (sizeof ((sighandler_t)))
                           ^
configure:8260: $? = 1
configure: failed program was:
| /* confdefs.h */
| #define PACKAGE_NAME "cgminer"
| #define PACKAGE_TARNAME "cgminer"
| #define PACKAGE_VERSION "4.10.0"
| #define PACKAGE_STRING "cgminer 4.10.0"
| #define PACKAGE_BUGREPORT "kernel@kolivas.org"
| #define PACKAGE_URL ""
| #define PACKAGE "cgminer"
| #define VERSION "4.10.0"
| #define STDC_HEADERS 1
| #define HAVE_SYS_TYPES_H 1
| #define HAVE_SYS_STAT_H 1
| #define HAVE_STDLIB_H 1
| #define HAVE_STRING_H 1
| #define HAVE_MEMORY_H 1
| #define HAVE_STRINGS_H 1
| #define HAVE_INTTYPES_H 1
| #define HAVE_STDINT_H 1
| #define HAVE_UNISTD_H 1
| #define __EXTENSIONS__ 1
| #define _ALL_SOURCE 1
| #define _GNU_SOURCE 1
| #define _POSIX_PTHREAD_SEMANTICS 1
| #define _TANDEM_SOURCE 1
| #define CGMINER_MAJOR_VERSION 4
| #define CGMINER_MINOR_VERSION 10
| #define CGMINER_MINOR_SUBVERSION 0
| #define HAVE_SYS_MMAN_H 1
| #define HAVE_WCHAR_H 1
| #define HAVE_STDINT_H 1
| #define HAVE_MPROTECT 1
| #define HAVE_SIGACTION 1
| #define HAVE_SIGALTSTACK 1
| #define HAVE_SIGINTERRUPT 1
| #define HAVE_MAP_ANONYMOUS 1
| #define HAVE_DECL_MEMMEM 1
| #define HAVE_MEMMEM 1
| #define restrict __restrict
| #define HAVE_WCHAR_T 1
| #define HAVE_UNSIGNED_LONG_LONG_INT 1
| #define HAVE_LONG_LONG_INT 1
| #define HAVE_RAW_DECL_MEMMEM 1
| #define HAVE_RAW_DECL_MEMPCPY 1
| #define HAVE_RAW_DECL_MEMRCHR 1
| #define HAVE_RAW_DECL_RAWMEMCHR 1
| #define HAVE_RAW_DECL_STPCPY 1
| #define HAVE_RAW_DECL_STPNCPY 1
| #define HAVE_RAW_DECL_STRCHRNUL 1
| #define HAVE_RAW_DECL_STRDUP 1
| #define HAVE_RAW_DECL_STRNCAT 1
| #define HAVE_RAW_DECL_STRNDUP 1
| #define HAVE_RAW_DECL_STRNLEN 1
| #define HAVE_RAW_DECL_STRPBRK 1
| #define HAVE_RAW_DECL_STRSEP 1
| #define HAVE_RAW_DECL_STRCASESTR 1
| #define HAVE_RAW_DECL_STRTOK_R 1
| #define HAVE_RAW_DECL_STRERROR_R 1
| #define HAVE_RAW_DECL_STRSIGNAL 1
| #define HAVE_RAW_DECL_STRVERSCMP 1
| #define GNULIB_TEST_MEMCHR 1
| #define HAVE_MEMMEM 1
| #define GNULIB_TEST_MEMMEM 1
| #define HAVE_STRUCT_SIGACTION_SA_SIGACTION 1
| #define GNULIB_TEST_SIGACTION 1
| /* end confdefs.h.  */
| 
| #include <signal.h>
| 
| 
| int
| main ()
| {
| if (sizeof ((sighandler_t)))
| 	    return 0;
|   ;
|   return 0;
| }
configure:8260: result: yes
configure:8274: checking whether sigaction is declared without a macro
configure:8292: gcc -c -g -O2  conftest.c >&5
configure:8292: $? = 0
configure:8300: result: yes
configure:8274: checking whether sigaddset is declared without a macro
configure:8292: gcc -c -g -O2  conftest.c >&5
configure:8292: $? = 0
configure:8300: result: yes
configure:8274: checking whether sigdelset is declared without a macro
configure:8292: gcc -c -g -O2  conftest.c >&5
configure:8292: $? = 0
configure:8300: result: yes
configure:8274: checking whether sigemptyset is declared without a macro
configure:8292: gcc -c -g -O2  conftest.c >&5
configure:8292: $? = 0
configure:8300: result: yes
configure:8274: checking whether sigfillset is declared without a macro
configure:8292: gcc -c -g -O2  conftest.c >&5
configure:8292: $? = 0
configure:8300: result: yes
configure:8274: checking whether sigismember is declared without a macro
configure:8292: gcc -c -g -O2  conftest.c >&5
configure:8292: $? = 0
configure:8300: result: yes
configure:8274: checking whether sigpending is declared without a macro
configure:8292: gcc -c -g -O2  conftest.c >&5
configure:8292: $? = 0
configure:8300: result: yes
configure:8274: checking whether sigprocmask is declared without a macro
configure:8292: gcc -c -g -O2  conftest.c >&5
configure:8292: $? = 0
configure:8300: result: yes
configure:8329: checking for sigprocmask
configure:8329: gcc -o conftest -g -O2   conftest.c  >&5
configure:8329: $? = 0
configure:8329: result: yes
configure:8396: checking whether NULL can be used in arbitrary expressions
configure:8414: gcc -c -g -O2  conftest.c >&5
configure:8414: $? = 0
configure:8421: result: yes
configure:8536: checking for ANSI C header files
configure:8640: result: yes
configure:8650: checking syslog.h usability
configure:8650: gcc -c -g -O2  conftest.c >&5
configure:8650: $? = 0
configure:8650: result: yes
configure:8650: checking syslog.h presence
configure:8650: gcc -E  conftest.c
configure:8650: $? = 0
configure:8650: result: yes
configure:8650: checking for syslog.h
configure:8650: result: yes
configure:8661: checking for size_t
configure:8661: gcc -c -g -O2  conftest.c >&5
configure:8661: $? = 0
configure:8661: gcc -c -g -O2  conftest.c >&5
conftest.c: In function 'main':
conftest.c:113:21: error: expected expression before ')' token
 if (sizeof ((size_t)))
                     ^
configure:8661: $? = 1
configure: failed program was:
| /* confdefs.h */
| #define PACKAGE_NAME "cgminer"
| #define PACKAGE_TARNAME "cgminer"
| #define PACKAGE_VERSION "4.10.0"
| #define PACKAGE_STRING "cgminer 4.10.0"
| #define PACKAGE_BUGREPORT "kernel@kolivas.org"
| #define PACKAGE_URL ""
| #define PACKAGE "cgminer"
| #define VERSION "4.10.0"
| #define STDC_HEADERS 1
| #define HAVE_SYS_TYPES_H 1
| #define HAVE_SYS_STAT_H 1
| #define HAVE_STDLIB_H 1
| #define HAVE_STRING_H 1
| #define HAVE_MEMORY_H 1
| #define HAVE_STRINGS_H 1
| #define HAVE_INTTYPES_H 1
| #define HAVE_STDINT_H 1
| #define HAVE_UNISTD_H 1
| #define __EXTENSIONS__ 1
| #define _ALL_SOURCE 1
| #define _GNU_SOURCE 1
| #define _POSIX_PTHREAD_SEMANTICS 1
| #define _TANDEM_SOURCE 1
| #define CGMINER_MAJOR_VERSION 4
| #define CGMINER_MINOR_VERSION 10
| #define CGMINER_MINOR_SUBVERSION 0
| #define HAVE_SYS_MMAN_H 1
| #define HAVE_WCHAR_H 1
| #define HAVE_STDINT_H 1
| #define HAVE_MPROTECT 1
| #define HAVE_SIGACTION 1
| #define HAVE_SIGALTSTACK 1
| #define HAVE_SIGINTERRUPT 1
| #define HAVE_MAP_ANONYMOUS 1
| #define HAVE_DECL_MEMMEM 1
| #define HAVE_MEMMEM 1
| #define restrict __restrict
| #define HAVE_WCHAR_T 1
| #define HAVE_UNSIGNED_LONG_LONG_INT 1
| #define HAVE_LONG_LONG_INT 1
| #define HAVE_RAW_DECL_MEMMEM 1
| #define HAVE_RAW_DECL_MEMPCPY 1
| #define HAVE_RAW_DECL_MEMRCHR 1
| #define HAVE_RAW_DECL_RAWMEMCHR 1
| #define HAVE_RAW_DECL_STPCPY 1
| #define HAVE_RAW_DECL_STPNCPY 1
| #define HAVE_RAW_DECL_STRCHRNUL 1
| #define HAVE_RAW_DECL_STRDUP 1
| #define HAVE_RAW_DECL_STRNCAT 1
| #define HAVE_RAW_DECL_STRNDUP 1
| #define HAVE_RAW_DECL_STRNLEN 1
| #define HAVE_RAW_DECL_STRPBRK 1
| #define HAVE_RAW_DECL_STRSEP 1
| #define HAVE_RAW_DECL_STRCASESTR 1
| #define HAVE_RAW_DECL_STRTOK_R 1
| #define HAVE_RAW_DECL_STRERROR_R 1
| #define HAVE_RAW_DECL_STRSIGNAL 1
| #define HAVE_RAW_DECL_STRVERSCMP 1
| #define GNULIB_TEST_MEMCHR 1
| #define HAVE_MEMMEM 1
| #define GNULIB_TEST_MEMMEM 1
| #define HAVE_STRUCT_SIGACTION_SA_SIGACTION 1
| #define GNULIB_TEST_SIGACTION 1
| #define HAVE_RAW_DECL_SIGACTION 1
| #define HAVE_RAW_DECL_SIGADDSET 1
| #define HAVE_RAW_DECL_SIGDELSET 1
| #define HAVE_RAW_DECL_SIGEMPTYSET 1
| #define HAVE_RAW_DECL_SIGFILLSET 1
| #define HAVE_RAW_DECL_SIGISMEMBER 1
| #define HAVE_RAW_DECL_SIGPENDING 1
| #define HAVE_RAW_DECL_SIGPROCMASK 1
| #define GNULIB_TEST_SIGPROCMASK 1
| #define STDC_HEADERS 1
| #define HAVE_SYSLOG_H 1
| /* end confdefs.h.  */
| #include <stdio.h>
| #ifdef HAVE_SYS_TYPES_H
| # include <sys/types.h>
| #endif
| #ifdef HAVE_SYS_STAT_H
| # include <sys/stat.h>
| #endif
| #ifdef STDC_HEADERS
| # include <stdlib.h>
| # include <stddef.h>
| #else
| # ifdef HAVE_STDLIB_H
| #  include <stdlib.h>
| # endif
| #endif
| #ifdef HAVE_STRING_H
| # if !defined STDC_HEADERS && defined HAVE_MEMORY_H
| #  include <memory.h>
| # endif
| # include <string.h>
| #endif
| #ifdef HAVE_STRINGS_H
| # include <strings.h>
| #endif
| #ifdef HAVE_INTTYPES_H
| # include <inttypes.h>
| #endif
| #ifdef HAVE_STDINT_H
| # include <stdint.h>
| #endif
| #ifdef HAVE_UNISTD_H
| # include <unistd.h>
| #endif
| int
| main ()
| {
| if (sizeof ((size_t)))
| 	    return 0;
|   ;
|   return 0;
| }
configure:8661: result: yes
configure:8674: checking for working alloca.h
configure:8691: gcc -o conftest -g -O2   conftest.c  >&5
configure:8691: $? = 0
configure:8699: result: yes
configure:8707: checking for alloca
configure:8744: gcc -o conftest -g -O2   conftest.c  >&5
configure:8744: $? = 0
configure:8752: result: yes
configure:8964: checking for pthread_create in -lpthread
configure:8989: gcc -o conftest -g -O2   conftest.c -lpthread   >&5
configure:8989: $? = 0
configure:8998: result: yes
configure:9645: checking for library containing addstr
configure:9676: gcc -o conftest -g -O2   conftest.c -lpthread  >&5
/tmp/ccB86Bti.o: In function `main':
/home/fantastic/Shared/cgminer/cgminer-4.10.0/conftest.c:91: undefined reference to `addstr'
collect2: error: ld returned 1 exit status
configure:9676: $? = 1
configure: failed program was:
| /* confdefs.h */
| #define PACKAGE_NAME "cgminer"
| #define PACKAGE_TARNAME "cgminer"
| #define PACKAGE_VERSION "4.10.0"
| #define PACKAGE_STRING "cgminer 4.10.0"
| #define PACKAGE_BUGREPORT "kernel@kolivas.org"
| #define PACKAGE_URL ""
| #define PACKAGE "cgminer"
| #define VERSION "4.10.0"
| #define STDC_HEADERS 1
| #define HAVE_SYS_TYPES_H 1
| #define HAVE_SYS_STAT_H 1
| #define HAVE_STDLIB_H 1
| #define HAVE_STRING_H 1
| #define HAVE_MEMORY_H 1
| #define HAVE_STRINGS_H 1
| #define HAVE_INTTYPES_H 1
| #define HAVE_STDINT_H 1
| #define HAVE_UNISTD_H 1
| #define __EXTENSIONS__ 1
| #define _ALL_SOURCE 1
| #define _GNU_SOURCE 1
| #define _POSIX_PTHREAD_SEMANTICS 1
| #define _TANDEM_SOURCE 1
| #define CGMINER_MAJOR_VERSION 4
| #define CGMINER_MINOR_VERSION 10
| #define CGMINER_MINOR_SUBVERSION 0
| #define HAVE_SYS_MMAN_H 1
| #define HAVE_WCHAR_H 1
| #define HAVE_STDINT_H 1
| #define HAVE_MPROTECT 1
| #define HAVE_SIGACTION 1
| #define HAVE_SIGALTSTACK 1
| #define HAVE_SIGINTERRUPT 1
| #define HAVE_MAP_ANONYMOUS 1
| #define HAVE_DECL_MEMMEM 1
| #define HAVE_MEMMEM 1
| #define restrict __restrict
| #define HAVE_WCHAR_T 1
| #define HAVE_UNSIGNED_LONG_LONG_INT 1
| #define HAVE_LONG_LONG_INT 1
| #define HAVE_RAW_DECL_MEMMEM 1
| #define HAVE_RAW_DECL_MEMPCPY 1
| #define HAVE_RAW_DECL_MEMRCHR 1
| #define HAVE_RAW_DECL_RAWMEMCHR 1
| #define HAVE_RAW_DECL_STPCPY 1
| #define HAVE_RAW_DECL_STPNCPY 1
| #define HAVE_RAW_DECL_STRCHRNUL 1
| #define HAVE_RAW_DECL_STRDUP 1
| #define HAVE_RAW_DECL_STRNCAT 1
| #define HAVE_RAW_DECL_STRNDUP 1
| #define HAVE_RAW_DECL_STRNLEN 1
| #define HAVE_RAW_DECL_STRPBRK 1
| #define HAVE_RAW_DECL_STRSEP 1
| #define HAVE_RAW_DECL_STRCASESTR 1
| #define HAVE_RAW_DECL_STRTOK_R 1
| #define HAVE_RAW_DECL_STRERROR_R 1
| #define HAVE_RAW_DECL_STRSIGNAL 1
| #define HAVE_RAW_DECL_STRVERSCMP 1
| #define GNULIB_TEST_MEMCHR 1
| #define HAVE_MEMMEM 1
| #define GNULIB_TEST_MEMMEM 1
| #define HAVE_STRUCT_SIGACTION_SA_SIGACTION 1
| #define GNULIB_TEST_SIGACTION 1
| #define HAVE_RAW_DECL_SIGACTION 1
| #define HAVE_RAW_DECL_SIGADDSET 1
| #define HAVE_RAW_DECL_SIGDELSET 1
| #define HAVE_RAW_DECL_SIGEMPTYSET 1
| #define HAVE_RAW_DECL_SIGFILLSET 1
| #define HAVE_RAW_DECL_SIGISMEMBER 1
| #define HAVE_RAW_DECL_SIGPENDING 1
| #define HAVE_RAW_DECL_SIGPROCMASK 1
| #define GNULIB_TEST_SIGPROCMASK 1
| #define STDC_HEADERS 1
| #define HAVE_SYSLOG_H 1
| #define HAVE_ALLOCA_H 1
| #define HAVE_ALLOCA 1
| #define HAVE_LIBPTHREAD 1
| /* end confdefs.h.  */
| 
| /* Override any GCC internal prototype to avoid an error.
|    Use char because int might match the return type of a GCC
|    builtin and then its argument prototype would still apply.  */
| #ifdef __cplusplus
| extern "C"
| #endif
| char addstr ();
| int
| main ()
| {
| return addstr ();
|   ;
|   return 0;
| }
configure:9676: gcc -o conftest -g -O2   conftest.c -lpdcurses  -lpthread  >&5
/usr/bin/ld: cannot find -lpdcurses
collect2: error: ld returned 1 exit status
configure:9676: $? = 1
configure: failed program was:
| /* confdefs.h */
| #define PACKAGE_NAME "cgminer"
| #define PACKAGE_TARNAME "cgminer"
| #define PACKAGE_VERSION "4.10.0"
| #define PACKAGE_STRING "cgminer 4.10.0"
| #define PACKAGE_BUGREPORT "kernel@kolivas.org"
| #define PACKAGE_URL ""
| #define PACKAGE "cgminer"
| #define VERSION "4.10.0"
| #define STDC_HEADERS 1
| #define HAVE_SYS_TYPES_H 1
| #define HAVE_SYS_STAT_H 1
| #define HAVE_STDLIB_H 1
| #define HAVE_STRING_H 1
| #define HAVE_MEMORY_H 1
| #define HAVE_STRINGS_H 1
| #define HAVE_INTTYPES_H 1
| #define HAVE_STDINT_H 1
| #define HAVE_UNISTD_H 1
| #define __EXTENSIONS__ 1
| #define _ALL_SOURCE 1
| #define _GNU_SOURCE 1
| #define _POSIX_PTHREAD_SEMANTICS 1
| #define _TANDEM_SOURCE 1
| #define CGMINER_MAJOR_VERSION 4
| #define CGMINER_MINOR_VERSION 10
| #define CGMINER_MINOR_SUBVERSION 0
| #define HAVE_SYS_MMAN_H 1
| #define HAVE_WCHAR_H 1
| #define HAVE_STDINT_H 1
| #define HAVE_MPROTECT 1
| #define HAVE_SIGACTION 1
| #define HAVE_SIGALTSTACK 1
| #define HAVE_SIGINTERRUPT 1
| #define HAVE_MAP_ANONYMOUS 1
| #define HAVE_DECL_MEMMEM 1
| #define HAVE_MEMMEM 1
| #define restrict __restrict
| #define HAVE_WCHAR_T 1
| #define HAVE_UNSIGNED_LONG_LONG_INT 1
| #define HAVE_LONG_LONG_INT 1
| #define HAVE_RAW_DECL_MEMMEM 1
| #define HAVE_RAW_DECL_MEMPCPY 1
| #define HAVE_RAW_DECL_MEMRCHR 1
| #define HAVE_RAW_DECL_RAWMEMCHR 1
| #define HAVE_RAW_DECL_STPCPY 1
| #define HAVE_RAW_DECL_STPNCPY 1
| #define HAVE_RAW_DECL_STRCHRNUL 1
| #define HAVE_RAW_DECL_STRDUP 1
| #define HAVE_RAW_DECL_STRNCAT 1
| #define HAVE_RAW_DECL_STRNDUP 1
| #define HAVE_RAW_DECL_STRNLEN 1
| #define HAVE_RAW_DECL_STRPBRK 1
| #define HAVE_RAW_DECL_STRSEP 1
| #define HAVE_RAW_DECL_STRCASESTR 1
| #define HAVE_RAW_DECL_STRTOK_R 1
| #define HAVE_RAW_DECL_STRERROR_R 1
| #define HAVE_RAW_DECL_STRSIGNAL 1
| #define HAVE_RAW_DECL_STRVERSCMP 1
| #define GNULIB_TEST_MEMCHR 1
| #define HAVE_MEMMEM 1
| #define GNULIB_TEST_MEMMEM 1
| #define HAVE_STRUCT_SIGACTION_SA_SIGACTION 1
| #define GNULIB_TEST_SIGACTION 1
| #define HAVE_RAW_DECL_SIGACTION 1
| #define HAVE_RAW_DECL_SIGADDSET 1
| #define HAVE_RAW_DECL_SIGDELSET 1
| #define HAVE_RAW_DECL_SIGEMPTYSET 1
| #define HAVE_RAW_DECL_SIGFILLSET 1
| #define HAVE_RAW_DECL_SIGISMEMBER 1
| #define HAVE_RAW_DECL_SIGPENDING 1
| #define HAVE_RAW_DECL_SIGPROCMASK 1
| #define GNULIB_TEST_SIGPROCMASK 1
| #define STDC_HEADERS 1
| #define HAVE_SYSLOG_H 1
| #define HAVE_ALLOCA_H 1
| #define HAVE_ALLOCA 1
| #define HAVE_LIBPTHREAD 1
| /* end confdefs.h.  */
| 
| /* Override any GCC internal prototype to avoid an error.
|    Use char because int might match the return type of a GCC
|    builtin and then its argument prototype would still apply.  */
| #ifdef __cplusplus
| extern "C"
| #endif
| char addstr ();
| int
| main ()
| {
| return addstr ();
|   ;
|   return 0;
| }
configure:9676: gcc -o conftest -g -O2   conftest.c -lncurses  -lpthread  >&5
configure:9676: $? = 0
configure:9693: result: -lncurses
configure:10139: checking for arm-linux-pkg-config
configure:10172: result: no
configure:10182: checking for pkg-config
configure:10200: found /usr/bin/pkg-config
configure:10212: result: /usr/bin/pkg-config
configure:10237: checking pkg-config is at least version 0.9.0
configure:10240: result: yes
configure:10274: checking for LIBCURL
configure:10281: $PKG_CONFIG --exists --print-errors "libcurl >= 7.25.0"
configure:10284: $? = 0
configure:10298: $PKG_CONFIG --exists --print-errors "libcurl >= 7.25.0"
configure:10301: $? = 0
configure:10479: result: yes
configure:10677: gcc -c -g -O2  conftest.c >&5
conftest.c:84:15: fatal error: process.h: No such file or directory
      #include <process.h>
               ^~~~~~~~~~~
compilation terminated.
configure:10677: $? = 1
configure: failed program was:
| /* confdefs.h */
| #define PACKAGE_NAME "cgminer"
| #define PACKAGE_TARNAME "cgminer"
| #define PACKAGE_VERSION "4.10.0"
| #define PACKAGE_STRING "cgminer 4.10.0"
| #define PACKAGE_BUGREPORT "kernel@kolivas.org"
| #define PACKAGE_URL ""
| #define PACKAGE "cgminer"
| #define VERSION "4.10.0"
| #define STDC_HEADERS 1
| #define HAVE_SYS_TYPES_H 1
| #define HAVE_SYS_STAT_H 1
| #define HAVE_STDLIB_H 1
| #define HAVE_STRING_H 1
| #define HAVE_MEMORY_H 1
| #define HAVE_STRINGS_H 1
| #define HAVE_INTTYPES_H 1
| #define HAVE_STDINT_H 1
| #define HAVE_UNISTD_H 1
| #define __EXTENSIONS__ 1
| #define _ALL_SOURCE 1
| #define _GNU_SOURCE 1
| #define _POSIX_PTHREAD_SEMANTICS 1
| #define _TANDEM_SOURCE 1
| #define CGMINER_MAJOR_VERSION 4
| #define CGMINER_MINOR_VERSION 10
| #define CGMINER_MINOR_SUBVERSION 0
| #define HAVE_SYS_MMAN_H 1
| #define HAVE_WCHAR_H 1
| #define HAVE_STDINT_H 1
| #define HAVE_MPROTECT 1
| #define HAVE_SIGACTION 1
| #define HAVE_SIGALTSTACK 1
| #define HAVE_SIGINTERRUPT 1
| #define HAVE_MAP_ANONYMOUS 1
| #define HAVE_DECL_MEMMEM 1
| #define HAVE_MEMMEM 1
| #define restrict __restrict
| #define HAVE_WCHAR_T 1
| #define HAVE_UNSIGNED_LONG_LONG_INT 1
| #define HAVE_LONG_LONG_INT 1
| #define HAVE_RAW_DECL_MEMMEM 1
| #define HAVE_RAW_DECL_MEMPCPY 1
| #define HAVE_RAW_DECL_MEMRCHR 1
| #define HAVE_RAW_DECL_RAWMEMCHR 1
| #define HAVE_RAW_DECL_STPCPY 1
| #define HAVE_RAW_DECL_STPNCPY 1
| #define HAVE_RAW_DECL_STRCHRNUL 1
| #define HAVE_RAW_DECL_STRDUP 1
| #define HAVE_RAW_DECL_STRNCAT 1
| #define HAVE_RAW_DECL_STRNDUP 1
| #define HAVE_RAW_DECL_STRNLEN 1
| #define HAVE_RAW_DECL_STRPBRK 1
| #define HAVE_RAW_DECL_STRSEP 1
| #define HAVE_RAW_DECL_STRCASESTR 1
| #define HAVE_RAW_DECL_STRTOK_R 1
| #define HAVE_RAW_DECL_STRERROR_R 1
| #define HAVE_RAW_DECL_STRSIGNAL 1
| #define HAVE_RAW_DECL_STRVERSCMP 1
| #define GNULIB_TEST_MEMCHR 1
| #define HAVE_MEMMEM 1
| #define GNULIB_TEST_MEMMEM 1
| #define HAVE_STRUCT_SIGACTION_SA_SIGACTION 1
| #define GNULIB_TEST_SIGACTION 1
| #define HAVE_RAW_DECL_SIGACTION 1
| #define HAVE_RAW_DECL_SIGADDSET 1
| #define HAVE_RAW_DECL_SIGDELSET 1
| #define HAVE_RAW_DECL_SIGEMPTYSET 1
| #define HAVE_RAW_DECL_SIGFILLSET 1
| #define HAVE_RAW_DECL_SIGISMEMBER 1
| #define HAVE_RAW_DECL_SIGPENDING 1
| #define HAVE_RAW_DECL_SIGPROCMASK 1
| #define GNULIB_TEST_SIGPROCMASK 1
| #define STDC_HEADERS 1
| #define HAVE_SYSLOG_H 1
| #define HAVE_ALLOCA_H 1
| #define HAVE_ALLOCA 1
| #define HAVE_LIBPTHREAD 1
| #define HAVE_CURSES 1
| #define CURL_HAS_KEEPALIVE 1
| #define HAVE_LIBCURL 1
| /* end confdefs.h.  */
| 
| 		   #include <process.h>
| 		   int execv(const char*, const char*const*);
| 
configure:10695: gcc -c -g -O2  conftest.c >&5
configure:10695: $? = 0
configure:10705: gcc -c -g -O2  conftest.c >&5
configure:10705: $? = 0
configure:10715: gcc -c -g -O2  conftest.c >&5
conftest.c: In function 'cleanup':
conftest.c:86:55: warning: implicit declaration of function 'exit' [-Wimplicit-function-declaration]
 static void __attribute__((noreturn)) cleanup(void) { exit(1); }
                                                       ^~~~
conftest.c:86:55: warning: incompatible implicit declaration of built-in function 'exit'
conftest.c:86:55: note: include '<stdlib.h>' or provide a declaration of 'exit'
configure:10715: $? = 0
configure:10725: gcc -c -g -O2  conftest.c >&5
configure:10725: $? = 0
configure:10735: gcc -c -g -O2  conftest.c >&5
configure:10735: $? = 0
configure:10745: gcc -c -g -O2  conftest.c >&5
configure:10745: $? = 0
configure:10755: gcc -o conftest -g -O2   conftest.c -lncurses -lpthread  >&5
configure:10755: $? = 0
configure:10766: gcc -o conftest -g -O2   conftest.c -lncurses -lpthread  >&5
configure:10766: $? = 0
configure:10777: gcc -c -g -O2  conftest.c >&5
configure:10777: $? = 0
configure:10916: checking that generated files are newer than configure
configure:10922: result: done
configure:11137: creating ./config.status

## ---------------------- ##
## Running config.status. ##
## ---------------------- ##

This file was extended by cgminer config.status 4.10.0, which was
generated by GNU Autoconf 2.69.  Invocation command line was

  CONFIG_FILES    = 
  CONFIG_HEADERS  = 
  CONFIG_LINKS    = 
  CONFIG_COMMANDS = 
  $ ./config.status 

on shiragiku

config.status:1170: creating Makefile
config.status:1170: creating compat/Makefile
config.status:1170: creating ccan/Makefile
config.status:1170: creating lib/Makefile
config.status:1170: creating config.h
config.status:1351: config.h is unchanged
config.status:1399: executing depfiles commands
configure:12522: === configuring in compat/jansson-2.9 (/home/fantastic/Shared/cgminer/cgminer-4.10.0/compat/jansson-2.9)
configure:12585: running /bin/sh ./configure --disable-option-checking '--prefix=/usr/local'  '--target=arm-linux' '--host=arm-linux' 'host_alias=arm-linux' 'target_alias=arm-linux' --cache-file=/dev/null --srcdir=.
configure:12785: error: No mining devices configured in

## ---------------- ##
## Cache variables. ##
## ---------------- ##

ac_cv_build=x86_64-pc-linux-gnu
ac_cv_c_compiler_gnu=yes
ac_cv_c_inline=inline
ac_cv_c_restrict=__restrict
ac_cv_env_CC_set=
ac_cv_env_CC_value=
ac_cv_env_CFLAGS_set=
ac_cv_env_CFLAGS_value=
ac_cv_env_CPPFLAGS_set=
ac_cv_env_CPPFLAGS_value=
ac_cv_env_CPP_set=
ac_cv_env_CPP_value=
ac_cv_env_JANSSON_CFLAGS_set=
ac_cv_env_JANSSON_CFLAGS_value=
ac_cv_env_JANSSON_LIBS_set=
ac_cv_env_JANSSON_LIBS_value=
ac_cv_env_LDFLAGS_set=
ac_cv_env_LDFLAGS_value=
ac_cv_env_LIBCURL_CFLAGS_set=
ac_cv_env_LIBCURL_CFLAGS_value=
ac_cv_env_LIBCURL_LIBS_set=
ac_cv_env_LIBCURL_LIBS_value=
ac_cv_env_LIBSYSTEMD_CFLAGS_set=
ac_cv_env_LIBSYSTEMD_CFLAGS_value=
ac_cv_env_LIBSYSTEMD_LIBS_set=
ac_cv_env_LIBSYSTEMD_LIBS_value=
ac_cv_env_LIBS_set=
ac_cv_env_LIBS_value=
ac_cv_env_LIBUSB_CFLAGS_set=
ac_cv_env_LIBUSB_CFLAGS_value=
ac_cv_env_LIBUSB_LIBS_set=
ac_cv_env_LIBUSB_LIBS_value=
ac_cv_env_PKG_CONFIG_LIBDIR_set=
ac_cv_env_PKG_CONFIG_LIBDIR_value=
ac_cv_env_PKG_CONFIG_PATH_set=
ac_cv_env_PKG_CONFIG_PATH_value=
ac_cv_env_PKG_CONFIG_set=
ac_cv_env_PKG_CONFIG_value=
ac_cv_env_build_alias_set=
ac_cv_env_build_alias_value=
ac_cv_env_host_alias_set=set
ac_cv_env_host_alias_value=arm-linux
ac_cv_env_target_alias_set=set
ac_cv_env_target_alias_value=arm-linux
ac_cv_func_alloca_works=yes
ac_cv_func_memmem=yes
ac_cv_func_mmap=yes
ac_cv_func_mprotect=yes
ac_cv_func_sigaction=yes
ac_cv_func_sigaltstack=yes
ac_cv_func_siginterrupt=yes
ac_cv_func_sigprocmask=yes
ac_cv_have_decl_memmem=yes
ac_cv_have_decl_mempcpy=yes
ac_cv_have_decl_memrchr=yes
ac_cv_have_decl_rawmemchr=yes
ac_cv_have_decl_sigaction=yes
ac_cv_have_decl_sigaddset=yes
ac_cv_have_decl_sigdelset=yes
ac_cv_have_decl_sigemptyset=yes
ac_cv_have_decl_sigfillset=yes
ac_cv_have_decl_sigismember=yes
ac_cv_have_decl_sigpending=yes
ac_cv_have_decl_sigprocmask=yes
ac_cv_have_decl_stpcpy=yes
ac_cv_have_decl_stpncpy=yes
ac_cv_have_decl_strcasestr=yes
ac_cv_have_decl_strchrnul=yes
ac_cv_have_decl_strdup=yes
ac_cv_have_decl_strerror_r=yes
ac_cv_have_decl_strncat=yes
ac_cv_have_decl_strndup=yes
ac_cv_have_decl_strnlen=yes
ac_cv_have_decl_strpbrk=yes
ac_cv_have_decl_strsep=yes
ac_cv_have_decl_strsignal=yes
ac_cv_have_decl_strtok_r=yes
ac_cv_have_decl_strverscmp=yes
ac_cv_header_inttypes_h=yes
ac_cv_header_memory_h=yes
ac_cv_header_minix_config_h=no
ac_cv_header_stdc=yes
ac_cv_header_stdint_h=yes
ac_cv_header_stdlib_h=yes
ac_cv_header_string_h=yes
ac_cv_header_strings_h=yes
ac_cv_header_sys_mman_h=yes
ac_cv_header_sys_stat_h=yes
ac_cv_header_sys_types_h=yes
ac_cv_header_syslog_h=yes
ac_cv_header_unistd_h=yes
ac_cv_header_wchar_h=yes
ac_cv_host=arm-unknown-linux-gnu
ac_cv_lib_pthread_pthread_create=yes
ac_cv_member_struct_sigaction_sa_sigaction=yes
ac_cv_objext=o
ac_cv_path_EGREP='/usr/bin/grep -E'
ac_cv_path_GREP=/usr/bin/grep
ac_cv_path_ac_pt_PKG_CONFIG=/usr/bin/pkg-config
ac_cv_path_install='/usr/bin/install -c'
ac_cv_path_mkdir=/usr/bin/mkdir
ac_cv_prog_AWK=gawk
ac_cv_prog_CC=gcc
ac_cv_prog_CPP='gcc -E'
ac_cv_prog_ac_ct_CC=gcc
ac_cv_prog_ac_ct_RANLIB=ranlib
ac_cv_prog_ac_ct_STRIP=strip
ac_cv_prog_cc_c89=
ac_cv_prog_cc_g=yes
ac_cv_prog_gcc_traditional=no
ac_cv_prog_make_make_set=yes
ac_cv_safe_to_define___extensions__=yes
ac_cv_search_addstr=-lncurses
ac_cv_target=arm-unknown-linux-gnu
ac_cv_type_long_long_int=yes
ac_cv_type_sighandler_t=yes
ac_cv_type_size_t=yes
ac_cv_type_uid_t=yes
ac_cv_type_unsigned_long_long_int=yes
ac_cv_type_volatile_sig_atomic_t=yes
ac_cv_working_alloca_h=yes
am_cv_CC_dependencies_compiler_type=gcc3
am_cv_make_support_nested_variables=yes
am_cv_prog_cc_c_o=yes
gl_cv_c_multiarch=no
gl_cv_decl_null_works=yes
gl_cv_func_memchr_works=yes
gl_cv_func_memmem_works_always=yes
gl_cv_func_memmem_works_fast=yes
gl_cv_func_sigprocmask=1
gl_cv_have_include_next=yes
gl_cv_have_raw_decl_memmem=yes
gl_cv_have_raw_decl_mempcpy=yes
gl_cv_have_raw_decl_memrchr=yes
gl_cv_have_raw_decl_rawmemchr=yes
gl_cv_have_raw_decl_sigaction=yes
gl_cv_have_raw_decl_sigaddset=yes
gl_cv_have_raw_decl_sigdelset=yes
gl_cv_have_raw_decl_sigemptyset=yes
gl_cv_have_raw_decl_sigfillset=yes
gl_cv_have_raw_decl_sigismember=yes
gl_cv_have_raw_decl_sigpending=yes
gl_cv_have_raw_decl_sigprocmask=yes
gl_cv_have_raw_decl_stpcpy=yes
gl_cv_have_raw_decl_stpncpy=yes
gl_cv_have_raw_decl_strcasestr=yes
gl_cv_have_raw_decl_strchrnul=yes
gl_cv_have_raw_decl_strdup=yes
gl_cv_have_raw_decl_strerror_r=yes
gl_cv_have_raw_decl_strncat=yes
gl_cv_have_raw_decl_strndup=yes
gl_cv_have_raw_decl_strnlen=yes
gl_cv_have_raw_decl_strpbrk=yes
gl_cv_have_raw_decl_strsep=yes
gl_cv_have_raw_decl_strsignal=yes
gl_cv_have_raw_decl_strtok_r=yes
gl_cv_have_raw_decl_strverscmp=yes
gl_cv_header_working_stdint_h=yes
gl_cv_next_signal_h='<signal.h>'
gl_cv_next_stdint_h='<stdint.h>'
gl_cv_next_string_h='<string.h>'
gl_cv_pragma_columns=no
gt_cv_c_wchar_t=yes
pkg_cv_LIBCURL_CFLAGS=
pkg_cv_LIBCURL_LIBS=-lcurl

## ----------------- ##
## Output variables. ##
## ----------------- ##

ACLOCAL='${SHELL} /home/fantastic/Shared/cgminer/cgminer-4.10.0/missing aclocal-1.15'
ALLOCA=''
AMDEPBACKSLASH='\'
AMDEP_FALSE='#'
AMDEP_TRUE=''
AMTAR='$${TAR-tar}'
AM_BACKSLASH='\'
AM_DEFAULT_V='$(AM_DEFAULT_VERBOSITY)'
AM_DEFAULT_VERBOSITY='0'
AM_V='$(V)'
APPLE_UNIVERSAL_BUILD='0'
AUTOCONF='${SHELL} /home/fantastic/Shared/cgminer/cgminer-4.10.0/missing autoconf'
AUTOHEADER='${SHELL} /home/fantastic/Shared/cgminer/cgminer-4.10.0/missing autoheader'
AUTOMAKE='${SHELL} /home/fantastic/Shared/cgminer/cgminer-4.10.0/missing automake-1.15'
AWK='gawk'
BITSIZEOF_PTRDIFF_T=''
BITSIZEOF_SIG_ATOMIC_T=''
BITSIZEOF_SIZE_T=''
BITSIZEOF_WCHAR_T=''
BITSIZEOF_WINT_T=''
CC='gcc'
CCDEPMODE='depmode=gcc3'
CFLAGS='-g -O2'
CPP='gcc -E'
CPPFLAGS=''
CYGPATH_W='echo'
DEFS='-DHAVE_CONFIG_H'
DEPDIR='.deps'
DLOPEN_FLAGS='-ldl'
ECHO_C=''
ECHO_N='-n'
ECHO_T=''
EGREP='/usr/bin/grep -E'
EXEEXT=''
GL_COND_LIBTOOL_FALSE=''
GL_COND_LIBTOOL_TRUE='#'
GL_GENERATE_STDDEF_H_FALSE=''
GL_GENERATE_STDDEF_H_TRUE='#'
GL_GENERATE_STDINT_H_FALSE=''
GL_GENERATE_STDINT_H_TRUE='#'
GNULIB_MBSCASECMP='0'
GNULIB_MBSCASESTR='0'
GNULIB_MBSCHR='0'
GNULIB_MBSCSPN='0'
GNULIB_MBSLEN='0'
GNULIB_MBSNCASECMP='0'
GNULIB_MBSNLEN='0'
GNULIB_MBSPBRK='0'
GNULIB_MBSPCASECMP='0'
GNULIB_MBSRCHR='0'
GNULIB_MBSSEP='0'
GNULIB_MBSSPN='0'
GNULIB_MBSSTR='0'
GNULIB_MBSTOK_R='0'
GNULIB_MEMCHR='1'
GNULIB_MEMMEM='1'
GNULIB_MEMPCPY='0'
GNULIB_MEMRCHR='0'
GNULIB_RAWMEMCHR='0'
GNULIB_SIGACTION='1'
GNULIB_SIGNAL_H_SIGPIPE='0'
GNULIB_SIGPROCMASK='1'
GNULIB_STPCPY='0'
GNULIB_STPNCPY='0'
GNULIB_STRCASESTR='0'
GNULIB_STRCHRNUL='0'
GNULIB_STRDUP='0'
GNULIB_STRERROR='0'
GNULIB_STRERROR_R='0'
GNULIB_STRNCAT='0'
GNULIB_STRNDUP='0'
GNULIB_STRNLEN='0'
GNULIB_STRPBRK='0'
GNULIB_STRSEP='0'
GNULIB_STRSIGNAL='0'
GNULIB_STRSTR='0'
GNULIB_STRTOK_R='0'
GNULIB_STRVERSCMP='0'
GREP='/usr/bin/grep'
HAS_ANT_S1_FALSE=''
HAS_ANT_S1_TRUE='#'
HAS_ANT_S2_FALSE=''
HAS_ANT_S2_TRUE='#'
HAS_ANT_S3_FALSE=''
HAS_ANT_S3_TRUE='#'
HAS_AVALON2_FALSE=''
HAS_AVALON2_TRUE='#'
HAS_AVALON4_FALSE=''
HAS_AVALON4_TRUE='#'
HAS_AVALON7_FALSE=''
HAS_AVALON7_TRUE='#'
HAS_AVALON_FALSE=''
HAS_AVALON_MINER_FALSE=''
HAS_AVALON_MINER_TRUE='#'
HAS_AVALON_TRUE='#'
HAS_BAB_FALSE=''
HAS_BAB_TRUE='#'
HAS_BFLSC_FALSE=''
HAS_BFLSC_TRUE='#'
HAS_BITFORCE_FALSE=''
HAS_BITFORCE_TRUE='#'
HAS_BITFURY_FALSE=''
HAS_BITFURY_TRUE='#'
HAS_BITMINE_A1_FALSE=''
HAS_BITMINE_A1_TRUE='#'
HAS_BLOCKERUPTER_FALSE=''
HAS_BLOCKERUPTER_TRUE='#'
HAS_COINTERRA_FALSE=''
HAS_COINTERRA_TRUE='#'
HAS_DRILLBIT_FALSE=''
HAS_DRILLBIT_TRUE='#'
HAS_HASHFAST_FALSE=''
HAS_HASHFAST_TRUE='#'
HAS_HASHRATIO_FALSE=''
HAS_HASHRATIO_TRUE='#'
HAS_ICARUS_FALSE=''
HAS_ICARUS_TRUE='#'
HAS_KLONDIKE_FALSE=''
HAS_KLONDIKE_TRUE='#'
HAS_KNC_FALSE=''
HAS_KNC_TRUE='#'
HAS_MINION_FALSE=''
HAS_MINION_TRUE='#'
HAS_MODMINER_FALSE=''
HAS_MODMINER_TRUE='#'
HAS_SP10_FALSE=''
HAS_SP10_TRUE='#'
HAS_SP30_FALSE=''
HAS_SP30_TRUE='#'
HAVE_CURSES_FALSE='#'
HAVE_CURSES_TRUE=''
HAVE_DECL_MEMMEM='1'
HAVE_DECL_MEMRCHR='1'
HAVE_DECL_STRDUP='1'
HAVE_DECL_STRERROR_R='1'
HAVE_DECL_STRNDUP='1'
HAVE_DECL_STRNLEN='1'
HAVE_DECL_STRSIGNAL='1'
HAVE_DECL_STRTOK_R='1'
HAVE_INTTYPES_H='1'
HAVE_LONG_LONG_INT='1'
HAVE_MBSLEN='0'
HAVE_MEMCHR='1'
HAVE_MEMPCPY='1'
HAVE_POSIX_SIGNALBLOCKING='1'
HAVE_RAWMEMCHR='1'
HAVE_SIGACTION='1'
HAVE_SIGHANDLER_T='1'
HAVE_SIGINFO_T='1'
HAVE_SIGNED_SIG_ATOMIC_T=''
HAVE_SIGNED_WCHAR_T=''
HAVE_SIGNED_WINT_T=''
HAVE_SIGSET_T='1'
HAVE_STDINT_H='1'
HAVE_STPCPY='1'
HAVE_STPNCPY='1'
HAVE_STRCASESTR='1'
HAVE_STRCHRNUL='1'
HAVE_STRPBRK='1'
HAVE_STRSEP='1'
HAVE_STRUCT_SIGACTION_SA_SIGACTION='1'
HAVE_STRVERSCMP='1'
HAVE_SYS_BITYPES_H=''
HAVE_SYS_INTTYPES_H=''
HAVE_SYS_TYPES_H='1'
HAVE_TYPE_VOLATILE_SIG_ATOMIC_T='1'
HAVE_UNSIGNED_LONG_LONG_INT='1'
HAVE_WCHAR_H='1'
HAVE_WCHAR_T='1'
HAVE_WINDOWS_FALSE=''
HAVE_WINDOWS_TRUE='#'
HAVE_x86_64_FALSE=''
HAVE_x86_64_TRUE='#'
INCLUDE_NEXT='include_next'
INCLUDE_NEXT_AS_FIRST_DIRECTIVE='include_next'
INSTALL_DATA='${INSTALL} -m 644'
INSTALL_PROGRAM='${INSTALL}'
INSTALL_SCRIPT='${INSTALL}'
INSTALL_STRIP_PROGRAM='$(install_sh) -c -s'
JANSSON_CFLAGS=''
JANSSON_LIBS='compat/jansson-2.9/src/.libs/libjansson.a'
LDFLAGS=''
LIBCURL_CFLAGS=''
LIBCURL_LIBS='-lcurl'
LIBGNU_LIBDEPS=''
LIBGNU_LTLIBDEPS=''
LIBOBJS=''
LIBS='-lncurses -lpthread '
LIBSYSTEMD_CFLAGS=''
LIBSYSTEMD_LIBS=''
LIBUSB_CFLAGS=''
LIBUSB_LIBS=''
LTLIBOBJS=''
MAINT='#'
MAINTAINER_MODE_FALSE=''
MAINTAINER_MODE_TRUE='#'
MAKEINFO='${SHELL} /home/fantastic/Shared/cgminer/cgminer-4.10.0/missing makeinfo'
MATH_LIBS='-lm'
MKDIR_P='/usr/bin/mkdir -p'
MM_LIBS=''
NCURSES_LIBS=''
NEED_FPGAUTILS_FALSE=''
NEED_FPGAUTILS_TRUE='#'
NEED_I2C_CONTEXT_FALSE=''
NEED_I2C_CONTEXT_TRUE='#'
NEXT_AS_FIRST_DIRECTIVE_SIGNAL_H='<signal.h>'
NEXT_AS_FIRST_DIRECTIVE_STDDEF_H=''
NEXT_AS_FIRST_DIRECTIVE_STDINT_H='<stdint.h>'
NEXT_AS_FIRST_DIRECTIVE_STRING_H='<string.h>'
NEXT_SIGNAL_H='<signal.h>'
NEXT_STDDEF_H=''
NEXT_STDINT_H='<stdint.h>'
NEXT_STRING_H='<string.h>'
OBJEXT='o'
PACKAGE='cgminer'
PACKAGE_BUGREPORT='kernel@kolivas.org'
PACKAGE_NAME='cgminer'
PACKAGE_STRING='cgminer 4.10.0'
PACKAGE_TARNAME='cgminer'
PACKAGE_URL=''
PACKAGE_VERSION='4.10.0'
PATH_SEPARATOR=':'
PDCURSES_LIBS=''
PKG_CONFIG='/usr/bin/pkg-config'
PKG_CONFIG_LIBDIR=''
PKG_CONFIG_PATH=''
PRAGMA_COLUMNS=''
PRAGMA_SYSTEM_HEADER='#pragma GCC system_header'
PTHREAD_FLAGS='-lpthread'
PTHREAD_LIBS='-lpthread'
PTRDIFF_T_SUFFIX=''
RANLIB='ranlib'
REPLACE_MEMCHR='0'
REPLACE_MEMMEM='0'
REPLACE_NULL='0'
REPLACE_STPNCPY='0'
REPLACE_STRCASESTR='0'
REPLACE_STRCHRNUL='0'
REPLACE_STRDUP='0'
REPLACE_STRERROR='0'
REPLACE_STRERROR_R='0'
REPLACE_STRNCAT='0'
REPLACE_STRNDUP='0'
REPLACE_STRNLEN='0'
REPLACE_STRSIGNAL='0'
REPLACE_STRSTR='0'
REPLACE_STRTOK_R='0'
RT_LIBS='-lrt'
SET_MAKE=''
SHELL='/bin/sh'
SIG_ATOMIC_T_SUFFIX=''
SIZE_T_SUFFIX=''
STATIC_CURL_FALSE=''
STATIC_CURL_TRUE='#'
STDDEF_H=''
STDINT_H=''
STRIP='strip'
UNDEFINE_STRTOK_R='0'
VERSION='4.10.0'
VMAJ='4'
WANT_CRC16_FALSE=''
WANT_CRC16_TRUE='#'
WANT_LIBBITFURY_FALSE=''
WANT_LIBBITFURY_TRUE='#'
WANT_STATIC_JANSSON_FALSE='#'
WANT_STATIC_JANSSON_TRUE=''
WANT_USBUTILS_FALSE=''
WANT_USBUTILS_TRUE='#'
WCHAR_T_SUFFIX=''
WINT_T_SUFFIX=''
WS2_LIBS=''
ac_ct_CC='gcc'
am__EXEEXT_FALSE=''
am__EXEEXT_TRUE='#'
am__fastdepCC_FALSE='#'
am__fastdepCC_TRUE=''
am__include='include'
am__isrc=''
am__leading_dot='.'
am__nodep='_no'
am__quote=''
am__tar='$${TAR-tar} chof - "$$tardir"'
am__untar='$${TAR-tar} xf -'
bindir='${exec_prefix}/bin'
build='x86_64-pc-linux-gnu'
build_alias=''
build_cpu='x86_64'
build_os='linux-gnu'
build_vendor='pc'
datadir='${datarootdir}'
datarootdir='${prefix}/share'
docdir='${datarootdir}/doc/${PACKAGE_TARNAME}'
dvidir='${docdir}'
exec_prefix='${prefix}'
gl_LIBOBJS=''
gl_LTLIBOBJS=''
gltests_LIBOBJS=''
gltests_LTLIBOBJS=''
gltests_WITNESS='IN_CGMINER_GNULIB_TESTS'
host='arm-unknown-linux-gnu'
host_alias='arm-linux'
host_cpu='arm'
host_os='linux-gnu'
host_vendor='unknown'
htmldir='${docdir}'
includedir='${prefix}/include'
infodir='${datarootdir}/info'
install_sh='${SHELL} /home/fantastic/Shared/cgminer/cgminer-4.10.0/install-sh'
libdir='${exec_prefix}/lib'
libexecdir='${exec_prefix}/libexec'
localedir='${datarootdir}/locale'
localstatedir='${prefix}/var'
mandir='${datarootdir}/man'
mkdir_p='$(MKDIR_P)'
oldincludedir='/usr/include'
pdfdir='${docdir}'
prefix='/usr/local'
program_transform_name='s&^&arm-linux-&'
psdir='${docdir}'
release_info=''
runstatedir='${localstatedir}/run'
sbindir='${exec_prefix}/sbin'
sharedstatedir='${prefix}/com'
subdirs=' compat/jansson-2.9'
sysconfdir='${prefix}/etc'
target='arm-unknown-linux-gnu'
target_alias='arm-linux'
target_cpu='arm'
target_os='linux-gnu'
target_vendor='unknown'
version_info='14:0:10'

## ----------- ##
## confdefs.h. ##
## ----------- ##

/* confdefs.h */
#define PACKAGE_NAME "cgminer"
#define PACKAGE_TARNAME "cgminer"
#define PACKAGE_VERSION "4.10.0"
#define PACKAGE_STRING "cgminer 4.10.0"
#define PACKAGE_BUGREPORT "kernel@kolivas.org"
#define PACKAGE_URL ""
#define PACKAGE "cgminer"
#define VERSION "4.10.0"
#define STDC_HEADERS 1
#define HAVE_SYS_TYPES_H 1
#define HAVE_SYS_STAT_H 1
#define HAVE_STDLIB_H 1
#define HAVE_STRING_H 1
#define HAVE_MEMORY_H 1
#define HAVE_STRINGS_H 1
#define HAVE_INTTYPES_H 1
#define HAVE_STDINT_H 1
#define HAVE_UNISTD_H 1
#define __EXTENSIONS__ 1
#define _ALL_SOURCE 1
#define _GNU_SOURCE 1
#define _POSIX_PTHREAD_SEMANTICS 1
#define _TANDEM_SOURCE 1
#define CGMINER_MAJOR_VERSION 4
#define CGMINER_MINOR_VERSION 10
#define CGMINER_MINOR_SUBVERSION 0
#define HAVE_SYS_MMAN_H 1
#define HAVE_WCHAR_H 1
#define HAVE_STDINT_H 1
#define HAVE_MPROTECT 1
#define HAVE_SIGACTION 1
#define HAVE_SIGALTSTACK 1
#define HAVE_SIGINTERRUPT 1
#define HAVE_MAP_ANONYMOUS 1
#define HAVE_DECL_MEMMEM 1
#define HAVE_MEMMEM 1
#define restrict __restrict
#define HAVE_WCHAR_T 1
#define HAVE_UNSIGNED_LONG_LONG_INT 1
#define HAVE_LONG_LONG_INT 1
#define HAVE_RAW_DECL_MEMMEM 1
#define HAVE_RAW_DECL_MEMPCPY 1
#define HAVE_RAW_DECL_MEMRCHR 1
#define HAVE_RAW_DECL_RAWMEMCHR 1
#define HAVE_RAW_DECL_STPCPY 1
#define HAVE_RAW_DECL_STPNCPY 1
#define HAVE_RAW_DECL_STRCHRNUL 1
#define HAVE_RAW_DECL_STRDUP 1
#define HAVE_RAW_DECL_STRNCAT 1
#define HAVE_RAW_DECL_STRNDUP 1
#define HAVE_RAW_DECL_STRNLEN 1
#define HAVE_RAW_DECL_STRPBRK 1
#define HAVE_RAW_DECL_STRSEP 1
#define HAVE_RAW_DECL_STRCASESTR 1
#define HAVE_RAW_DECL_STRTOK_R 1
#define HAVE_RAW_DECL_STRERROR_R 1
#define HAVE_RAW_DECL_STRSIGNAL 1
#define HAVE_RAW_DECL_STRVERSCMP 1
#define GNULIB_TEST_MEMCHR 1
#define HAVE_MEMMEM 1
#define GNULIB_TEST_MEMMEM 1
#define HAVE_STRUCT_SIGACTION_SA_SIGACTION 1
#define GNULIB_TEST_SIGACTION 1
#define HAVE_RAW_DECL_SIGACTION 1
#define HAVE_RAW_DECL_SIGADDSET 1
#define HAVE_RAW_DECL_SIGDELSET 1
#define HAVE_RAW_DECL_SIGEMPTYSET 1
#define HAVE_RAW_DECL_SIGFILLSET 1
#define HAVE_RAW_DECL_SIGISMEMBER 1
#define HAVE_RAW_DECL_SIGPENDING 1
#define HAVE_RAW_DECL_SIGPROCMASK 1
#define GNULIB_TEST_SIGPROCMASK 1
#define STDC_HEADERS 1
#define HAVE_SYSLOG_H 1
#define HAVE_ALLOCA_H 1
#define HAVE_ALLOCA 1
#define HAVE_LIBPTHREAD 1
#define HAVE_CURSES 1
#define CURL_HAS_KEEPALIVE 1
#define HAVE_LIBCURL 1
#define EXECV_2ND_ARG_TYPE char* const*
#define HAVE_ATTRIBUTE_COLD 1
#define HAVE_ATTRIBUTE_CONST 1
#define HAVE_ATTRIBUTE_NORETURN 1
#define HAVE_ATTRIBUTE_PRINTF 1
#define HAVE_ATTRIBUTE_UNUSED 1
#define HAVE_ATTRIBUTE_USED 1
#define HAVE_BUILTIN_CONSTANT_P 1
#define HAVE_BUILTIN_TYPES_COMPATIBLE_P 1
#define HAVE_WARN_UNUSED_RESULT 1
#define CGMINER_PREFIX "/usr/local/bin"

configure: exit 1
